

Version:	3.50
CmdLine:	D:\APP\CODE\PROJECTS\JAVA\PodoromoTimerProject\bin\PodoromoTimer.exe --l4j-debug
JNI:		No
WOW64:		Yes
Working dir:	D:\APP\CODE\PROJECTS\JAVA\PodoromoTimerProject\bin\.
Requires JDK:	No
Requires 64-Bit: No
Java min ver:	
Java max ver:	
Substitute:	JAVA_HOME = 
Substitute:	PATH = C:\Program Files\Common Files\Oracle\Java\javapath;C:\Program Files (x86)\Common Files\Oracle\Java\javapath;C:\WINDOWS\system32;C:\WINDOWS;C:\WINDOWS\System32\Wbem;C:\WINDOWS\System32\WindowsPowerShell\v1.0\;C:\WINDOWS\System32\OpenSSH\;C:\Program Files\dotnet\;C:\Program Files (x86)\Windows Kits\10\Windows Performance Toolkit\;D:\APP\CODE\Git\cmd;C:\Users\huykh\AppData\Local\Programs\Python\Python311\Scripts\;C:\Users\huykh\AppData\Local\Programs\Python\Python311\;C:\Users\huykh\AppData\Local\Microsoft\WindowsApps;D:\APP\CODE\msys64\mingw64\bin;D:\APP\CODE\Microsoft VS Code\bin;C:\Users\huykh\.dotnet\tools;D:\APP\CODE\IntelliJ IDEA 2023.2.2\bin;;D:\APP\CODE\jdk20\bin;;D:\APP\CODE\IntelliJ IDEA Community Edition 2023.2.3\bin;;D:\APP\CODE\jdk20\bin
JRE paths:	;C:\Program Files\Common Files\Oracle\Java\javapath;C:\Program Files (x86)\Common Files\Oracle\Java\javapath;C:\WINDOWS\system32;C:\WINDOWS;C:\WINDOWS\System32\Wbem;C:\WINDOWS\System32\WindowsPowerShell\v1.0\;C:\WINDOWS\System32\OpenSSH\;C:\Program Files\dotnet\;C:\Program Files (x86)\Windows Kits\10\Windows Performance Toolkit\;D:\APP\CODE\Git\cmd;C:\Users\huykh\AppData\Local\Programs\Python\Python311\Scripts\;C:\Users\huykh\AppData\Local\Programs\Python\Python311\;C:\Users\huykh\AppData\Local\Microsoft\WindowsApps;D:\APP\CODE\msys64\mingw64\bin;D:\APP\CODE\Microsoft VS Code\bin;C:\Users\huykh\.dotnet\tools;D:\APP\CODE\IntelliJ IDEA 2023.2.2\bin;;D:\APP\CODE\jdk20\bin;;D:\APP\CODE\IntelliJ IDEA Community Edition 2023.2.3\bin;;D:\APP\CODE\jdk20\bin
Check launcher:	C:\Program Files\Common Files\Oracle\Java\javapath\bin\javaw.exe (not found)
Check launcher:	C:\Program Files (x86)\Common Files\Oracle\Java\javapath\bin\javaw.exe (not found)
Check launcher:	C:\WINDOWS\system32\bin\javaw.exe (not found)
Check launcher:	C:\WINDOWS\bin\javaw.exe (not found)
Check launcher:	C:\WINDOWS\System32\Wbem\bin\javaw.exe (not found)
Check launcher:	C:\WINDOWS\System32\WindowsPowerShell\v1.0\bin\javaw.exe (not found)
Check launcher:	C:\WINDOWS\System32\OpenSSH\bin\javaw.exe (not found)
Check launcher:	C:\Program Files\dotnet\bin\javaw.exe (not found)
Check launcher:	C:\Program Files (x86)\Windows Kits\10\Windows Performance Toolkit\bin\javaw.exe (not found)
Check launcher:	D:\APP\CODE\Git\cmd\bin\javaw.exe (not found)
Check launcher:	C:\Users\huykh\AppData\Local\Programs\Python\Python311\Scripts\bin\javaw.exe (not found)
Check launcher:	C:\Users\huykh\AppData\Local\Programs\Python\Python311\bin\javaw.exe (not found)
Check launcher:	C:\Users\huykh\AppData\Local\Microsoft\WindowsApps\bin\javaw.exe (not found)
Check launcher:	D:\APP\CODE\msys64\mingw64\bin\javaw.exe (not found)
Check launcher:	D:\APP\CODE\Microsoft VS Code\bin\javaw.exe (not found)
Check launcher:	C:\Users\huykh\.dotnet\tools\bin\javaw.exe (not found)
Check launcher:	D:\APP\CODE\IntelliJ IDEA 2023.2.2\bin\javaw.exe (not found)
Check launcher:	D:\APP\CODE\jdk20\bin\javaw.exe (OK)
Version string: 1.020.000_002 / 64-Bit (OK)
Launcher:	D:\APP\CODE\jdk20\bin\javaw.exe
Launcher args:	-jar "D:\APP\CODE\PROJECTS\JAVA\PodoromoTimerProject\bin\PodoromoTimer.exe"
Args length:	75/32768 chars
Exit code:	0
